{
  "RSpec": {
    "coverage": {
      "/mnt/d/ruby/rubygarage/to_do_api.2/app/models/application_record.rb": {
        "lines": [
          1,
          1,
          null
        ]
      },
      "/mnt/d/ruby/rubygarage/to_do_api.2/app/models/project.rb": {
        "lines": [
          1,
          1,
          null
        ]
      },
      "/mnt/d/ruby/rubygarage/to_do_api.2/app/models/user.rb": {
        "lines": [
          1,
          1,
          null,
          1,
          null
        ]
      },
      "/mnt/d/ruby/rubygarage/to_do_api.2/app/concepts/api/v1/lib/operations/base_operation.rb": {
        "lines": [
          1,
          1,
          1,
          null,
          1,
          1,
          1,
          null,
          1,
          26,
          26,
          null,
          null,
          1,
          26,
          21,
          null,
          5,
          5,
          null,
          null,
          1,
          21,
          null,
          null,
          1,
          null,
          1,
          null
        ]
      },
      "/mnt/d/ruby/rubygarage/to_do_api.2/app/concepts/api/v1/projects/contracts/create.rb": {
        "lines": [
          1,
          1,
          null,
          1,
          1,
          1,
          null,
          null,
          null
        ]
      },
      "/mnt/d/ruby/rubygarage/to_do_api.2/app/concepts/api/v1/projects/contracts/update.rb": {
        "lines": [
          1,
          1,
          1,
          1,
          1,
          null,
          null,
          null
        ]
      },
      "/mnt/d/ruby/rubygarage/to_do_api.2/app/concepts/api/v1/projects/policies/project_policy.rb": {
        "lines": [
          1,
          1,
          3,
          null,
          null,
          1,
          9,
          null,
          null,
          1,
          4,
          null,
          null,
          1,
          4,
          null,
          null,
          1,
          2,
          null,
          null,
          1,
          1,
          3,
          null,
          null,
          null
        ]
      },
      "/mnt/d/ruby/rubygarage/to_do_api.2/app/policies/application_policy.rb": {
        "lines": [
          1,
          1,
          null,
          1,
          16,
          16,
          null,
          null,
          1,
          1,
          null,
          1,
          3,
          3,
          null,
          null,
          1,
          0,
          null,
          null,
          null
        ]
      },
      "/mnt/d/ruby/rubygarage/to_do_api.2/app/concepts/api/v1/projects/operations/create.rb": {
        "lines": [
          1,
          1,
          null,
          1,
          1,
          1,
          1,
          1,
          1,
          null,
          1,
          4,
          null,
          null,
          1,
          4,
          null,
          null,
          1,
          8,
          null,
          null,
          1,
          6,
          null,
          null,
          1,
          6,
          6,
          null,
          null
        ]
      },
      "/mnt/d/ruby/rubygarage/to_do_api.2/app/concepts/api/v1/projects/operations/destroy.rb": {
        "lines": [
          1,
          1,
          null,
          1,
          1,
          1,
          null,
          1,
          3,
          null,
          null,
          1,
          2,
          null,
          null
        ]
      },
      "/mnt/d/ruby/rubygarage/to_do_api.2/app/concepts/api/v1/projects/operations/index.rb": {
        "lines": [
          1,
          1,
          1,
          null,
          1,
          1,
          1,
          null,
          1,
          null,
          1,
          null,
          1,
          3,
          3,
          null,
          null,
          1,
          3,
          null,
          null,
          1,
          3,
          3,
          3,
          null,
          null
        ]
      },
      "/mnt/d/ruby/rubygarage/to_do_api.2/app/concepts/api/v1/projects/operations/show.rb": {
        "lines": [
          1,
          1,
          null,
          1,
          1,
          1,
          null,
          1,
          4,
          null,
          null,
          1,
          3,
          null,
          null
        ]
      },
      "/mnt/d/ruby/rubygarage/to_do_api.2/app/concepts/api/v1/projects/operations/update.rb": {
        "lines": [
          1,
          1,
          null,
          1,
          1,
          1,
          null,
          1,
          5,
          null,
          null,
          1,
          4,
          null,
          null
        ]
      },
      "/mnt/d/ruby/rubygarage/to_do_api.2/app/concepts/api/v1/sessions/operations/create.rb": {
        "lines": [
          1,
          1,
          1,
          1,
          1,
          null,
          1,
          7,
          null,
          null,
          1,
          5,
          null,
          null,
          1,
          5,
          null,
          null,
          1,
          5,
          null,
          null,
          1,
          null,
          1,
          null,
          1,
          5,
          null,
          null
        ]
      },
      "/mnt/d/ruby/rubygarage/to_do_api.2/app/concepts/api/v1/sessions/operations/destroy.rb": {
        "lines": [
          1,
          1,
          1,
          null,
          1,
          2,
          2,
          null,
          0,
          0,
          null,
          null,
          1,
          0,
          null,
          null
        ]
      },
      "/mnt/d/ruby/rubygarage/to_do_api.2/app/concepts/api/v1/users/constants.rb": {
        "lines": [
          1,
          1,
          null
        ]
      },
      "/mnt/d/ruby/rubygarage/to_do_api.2/app/concepts/api/v1/users/contracts/create.rb": {
        "lines": [
          1,
          1,
          1,
          null,
          1,
          1,
          1,
          null,
          1,
          1,
          1,
          1,
          1,
          null,
          null,
          1,
          3,
          null,
          null,
          1,
          3,
          1,
          null,
          null,
          null,
          1,
          6,
          null,
          null,
          null
        ]
      },
      "/mnt/d/ruby/rubygarage/to_do_api.2/app/concepts/api/v1/users/operations/create.rb": {
        "lines": [
          1,
          1,
          null,
          1,
          1,
          1,
          1,
          1,
          null,
          1,
          6,
          null,
          null,
          1,
          6,
          null,
          null,
          1,
          6,
          null,
          null,
          1,
          2,
          null,
          null
        ]
      },
      "/mnt/d/ruby/rubygarage/to_do_api.2/app/concepts/api/v1/lib/constants/base_constants.rb": {
        "lines": [
          1,
          null
        ]
      },
      "/mnt/d/ruby/rubygarage/to_do_api.2/app/concepts/api/v1/lib/decorators/base_decorator.rb": {
        "lines": [
          1,
          1,
          null
        ]
      },
      "/mnt/d/ruby/rubygarage/to_do_api.2/app/concepts/api/v1/lib/serializers/base_serializer.rb": {
        "lines": [
          1,
          1,
          null
        ]
      },
      "/mnt/d/ruby/rubygarage/to_do_api.2/app/concepts/api/v1/lib/serializers/error_serializer.rb": {
        "lines": [
          1,
          1,
          6,
          6,
          null,
          null,
          1,
          6,
          27,
          null,
          6,
          null,
          null,
          1,
          null,
          1,
          null
        ]
      },
      "/mnt/d/ruby/rubygarage/to_do_api.2/app/concepts/api/v1/projects/constants/project_constants.rb": {
        "lines": [
          1,
          null
        ]
      },
      "/mnt/d/ruby/rubygarage/to_do_api.2/app/concepts/api/v1/projects/decorators/project_decorator.rb": {
        "lines": [
          1,
          1,
          null,
          1,
          1,
          3,
          null,
          null,
          1,
          3,
          null,
          null,
          null,
          1,
          15,
          null,
          null
        ]
      },
      "/mnt/d/ruby/rubygarage/to_do_api.2/app/concepts/api/v1/projects/serializers/project_serializer.rb": {
        "lines": [
          1,
          1,
          1,
          1,
          1,
          null,
          1,
          15,
          null,
          null
        ]
      },
      "/mnt/d/ruby/rubygarage/to_do_api.2/app/concepts/api/v1/users/serializers/user_serializer.rb": {
        "lines": [
          1,
          1,
          1,
          1,
          null
        ]
      },
      "/mnt/d/ruby/rubygarage/to_do_api.2/app/controllers/api/v1/projects_controller.rb": {
        "lines": [
          1,
          1,
          null,
          1,
          4,
          null,
          null,
          1,
          5,
          null,
          null,
          1,
          5,
          null,
          null,
          1,
          6,
          null,
          null,
          1,
          4,
          null,
          null
        ]
      },
      "/mnt/d/ruby/rubygarage/to_do_api.2/app/controllers/api/v1/base_controller.rb": {
        "lines": [
          1,
          1,
          1,
          null
        ]
      },
      "/mnt/d/ruby/rubygarage/to_do_api.2/app/controllers/application_controller.rb": {
        "lines": [
          1,
          1,
          null,
          1,
          null,
          1,
          37,
          null,
          null,
          1,
          0,
          null,
          null,
          null,
          null,
          null
        ]
      },
      "/mnt/d/ruby/rubygarage/to_do_api.2/app/controllers/concerns/api/v1/endpoint.rb": {
        "lines": [
          1,
          1,
          1,
          null,
          1,
          null,
          1,
          37,
          null,
          null,
          1,
          null,
          72,
          27,
          25,
          16,
          11,
          11,
          6,
          0,
          null,
          null,
          null,
          1,
          null,
          46,
          8,
          2,
          5,
          0,
          5,
          6,
          0,
          null,
          null,
          null,
          1,
          35,
          null,
          null,
          1,
          27,
          null,
          null,
          1,
          16,
          null,
          null,
          1,
          11,
          null,
          null,
          1,
          11,
          null,
          null,
          1,
          6,
          null,
          null,
          1,
          9,
          null,
          null,
          1,
          8,
          null,
          null,
          1,
          2,
          null,
          null,
          1,
          5,
          null,
          null,
          1,
          0,
          null,
          null,
          1,
          5,
          null,
          null,
          1,
          6,
          null,
          null,
          1,
          0,
          null,
          null
        ]
      },
      "/mnt/d/ruby/rubygarage/to_do_api.2/app/controllers/api/v1/sessions_controller.rb": {
        "lines": [
          1,
          1,
          1,
          null,
          1,
          5,
          null,
          null,
          1,
          2,
          null,
          null
        ]
      },
      "/mnt/d/ruby/rubygarage/to_do_api.2/app/controllers/api/v1/users_controller.rb": {
        "lines": [
          1,
          1,
          null,
          1,
          6,
          null,
          null
        ]
      },
      "/mnt/d/ruby/rubygarage/to_do_api.2/app/controllers/api/v1/refresh_controller.rb": {
        "lines": [
          0,
          0,
          0,
          null,
          0,
          0,
          0,
          0,
          null,
          0,
          0,
          0,
          0
        ],
        "branches": {
        }
      }
    },
    "timestamp": 1629296573
  }
}
