{
  "RSpec": {
    "coverage": {
      "/mnt/d/ruby/rubygarage/to_do_api_2/app/controllers/api/v1/projects_controller.rb": {
        "lines": [
          1,
          1,
          null,
          1,
          1,
          null,
          null,
          1,
          1,
          null,
          null,
          1,
          1,
          null,
          null,
          1,
          1,
          null,
          null,
          1,
          1,
          null,
          null
        ]
      },
      "/mnt/d/ruby/rubygarage/to_do_api_2/app/controllers/api/v1/base_controller.rb": {
        "lines": [
          1,
          1,
          1,
          null
        ]
      },
      "/mnt/d/ruby/rubygarage/to_do_api_2/app/controllers/application_controller.rb": {
        "lines": [
          1,
          1,
          null,
          1,
          null,
          1,
          5,
          null,
          null,
          null,
          null
        ]
      },
      "/mnt/d/ruby/rubygarage/to_do_api_2/app/controllers/concerns/api/v1/endpoint.rb": {
        "lines": [
          1,
          1,
          1,
          null,
          1,
          null,
          1,
          5,
          null,
          null,
          1,
          null,
          10,
          4,
          3,
          0,
          0,
          0,
          0,
          0,
          null,
          null,
          null,
          1,
          null,
          8,
          1,
          1,
          0,
          0,
          0,
          0,
          0,
          null,
          null,
          null,
          1,
          5,
          null,
          null,
          1,
          4,
          null,
          null,
          1,
          0,
          null,
          null,
          1,
          0,
          null,
          null,
          1,
          0,
          null,
          null,
          1,
          0,
          null,
          null,
          1,
          3,
          null,
          null,
          1,
          1,
          null,
          null,
          1,
          1,
          null,
          null,
          1,
          0,
          null,
          null,
          1,
          0,
          null,
          null,
          1,
          0,
          null,
          null,
          1,
          0,
          null,
          null,
          1,
          0,
          null,
          null
        ]
      }
    },
    "timestamp": 1629314247
  }
}
